InPlayer/build/intermediates/manifest_merge_blame_file/debug/manifest-merger-blame-debug-report.txt
1<?xml version="1.0" encoding="utf-8"?>
2<manifest xmlns:android="http://schemas.android.com/apk/res/android"
3    package="com.sdk.inplayer" >
4
5    <uses-sdk
6        android:minSdkVersion="18"
6-->src/main/AndroidManifest.xml
7        android:targetSdkVersion="30" />
7-->src/main/AndroidManifest.xml
8
9    <uses-permission android:name="android.permission.INTERNET" />
9-->src/main/AndroidManifest.xml:5:5-67
9-->src/main/AndroidManifest.xml:5:22-64
10    <uses-permission android:name="android.permission.ACCESS_NETWORK_STATE" />
10-->src/main/AndroidManifest.xml:6:5-79
10-->src/main/AndroidManifest.xml:6:22-76
11
12    <application>
12-->src/main/AndroidManifest.xml:8:5-13:19
13        <activity
13-->src/main/AndroidManifest.xml:9:9-12:59
14            android:name="com.sdk.inplayer.ui.WebViewActivity"
14-->src/main/AndroidManifest.xml:10:13-47
15            android:label="@string/title_activity_web_view"
15-->src/main/AndroidManifest.xml:11:13-60
16            android:theme="@style/AppTheme.NoActionBar" />
16-->src/main/AndroidManifest.xml:12:13-56
17    </application>
18
19</manifest>